# JRE version: Java(TM) SE Runtime Environment (8.0_131-b11) (build 1.8.0_131-b11)
# Java VM: Java HotSpot(TM) 64-Bit Server VM (25.131-b11 mixed mode windows-amd64 compressed oops)
Heap:
 garbage-first heap   total 576512K, used 388859K [0x00000000c0000000, 0x00000000c0101198, 0x0000000100000000)
  region size 1024K, 122 young (124928K), 13 survivors (13312K)
 Metaspace       used 161574K, capacity 176416K, committed 176792K, reserved 1202176K
  class space    used 18870K, capacity 23069K, committed 23192K, reserved 1048576K
GC Heap History (10 events):
Event: 7833.205 GC heap before
{Heap before GC invocations=140 (full 0):
 garbage-first heap   total 576512K, used 500352K [0x00000000c0000000, 0x00000000c0101198, 0x0000000100000000)
  region size 1024K, 240 young (245760K), 16 survivors (16384K)
 Metaspace       used 159431K, capacity 174332K, committed 174744K, reserved 1202176K
  class space    used 18676K, capacity 22870K, committed 22936K, reserved 1048576K
Event: 7833.234 GC heap after
Heap after GC invocations=141 (full 0):
 garbage-first heap   total 576512K, used 273024K [0x00000000c0000000, 0x00000000c0101198, 0x0000000100000000)
  region size 1024K, 18 young (18432K), 18 survivors (18432K)
 Metaspace       used 159431K, capacity 174332K, committed 174744K, reserved 1202176K
  class space    used 18676K, capacity 22870K, committed 22936K, reserved 1048576K
}
Event: 7960.408 GC heap before
{Heap before GC invocations=141 (full 0):
 garbage-first heap   total 576512K, used 498304K [0x00000000c0000000, 0x00000000c0101198, 0x0000000100000000)
  region size 1024K, 238 young (243712K), 18 survivors (18432K)
 Metaspace       used 160061K, capacity 175034K, committed 175384K, reserved 1202176K
  class space    used 18760K, capacity 22972K, committed 23064K, reserved 1048576K
Event: 7960.439 GC heap after
Heap after GC invocations=142 (full 0):
 garbage-first heap   total 576512K, used 272893K [0x00000000c0000000, 0x00000000c0101198, 0x0000000100000000)
  region size 1024K, 15 young (15360K), 15 survivors (15360K)
 Metaspace       used 160061K, capacity 175034K, committed 175384K, reserved 1202176K
  class space    used 18760K, capacity 22972K, committed 23064K, reserved 1048576K
}
Event: 8347.743 GC heap before
{Heap before GC invocations=142 (full 0):
 garbage-first heap   total 576512K, used 501245K [0x00000000c0000000, 0x00000000c0101198, 0x0000000100000000)
  region size 1024K, 238 young (243712K), 15 survivors (15360K)
 Metaspace       used 160322K, capacity 175194K, committed 175640K, reserved 1202176K
  class space    used 18777K, capacity 23004K, committed 23064K, reserved 1048576K
Event: 8347.779 GC heap after
Heap after GC invocations=143 (full 0):
 garbage-first heap   total 576512K, used 272381K [0x00000000c0000000, 0x00000000c0101198, 0x0000000100000000)
  region size 1024K, 15 young (15360K), 15 survivors (15360K)
 Metaspace       used 160322K, capacity 175194K, committed 175640K, reserved 1202176K
  class space    used 18777K, capacity 23004K, committed 23064K, reserved 1048576K
}
Event: 8474.976 GC heap before
{Heap before GC invocations=143 (full 0):
 garbage-first heap   total 576512K, used 500733K [0x00000000c0000000, 0x00000000c0101198, 0x0000000100000000)
  region size 1024K, 238 young (243712K), 15 survivors (15360K)
 Metaspace       used 161246K, capacity 176064K, committed 176536K, reserved 1202176K
  class space    used 18858K, capacity 23037K, committed 23192K, reserved 1048576K
Event: 8475.008 GC heap after
Heap after GC invocations=144 (full 0):
 garbage-first heap   total 576512K, used 281085K [0x00000000c0000000, 0x00000000c0101198, 0x0000000100000000)
  region size 1024K, 23 young (23552K), 23 survivors (23552K)
 Metaspace       used 161246K, capacity 176064K, committed 176536K, reserved 1202176K
  class space    used 18858K, capacity 23037K, committed 23192K, reserved 1048576K
}
Event: 8510.130 GC heap before
{Heap before GC invocations=144 (full 0):
 garbage-first heap   total 576512K, used 493053K [0x00000000c0000000, 0x00000000c0101198, 0x0000000100000000)
  region size 1024K, 230 young (235520K), 23 survivors (23552K)
 Metaspace       used 161369K, capacity 176192K, committed 176536K, reserved 1202176K
  class space    used 18861K, capacity 23037K, committed 23192K, reserved 1048576K
Event: 8510.183 GC heap after
Heap after GC invocations=145 (full 0):
 garbage-first heap   total 576512K, used 278267K [0x00000000c0000000, 0x00000000c0101198, 0x0000000100000000)
  region size 1024K, 13 young (13312K), 13 survivors (13312K)
 Metaspace       used 161369K, capacity 176192K, committed 176536K, reserved 1202176K
  class space    used 18861K, capacity 23037K, committed 23192K, reserved 1048576K
}

